<?xml version="1.0" encoding="UTF-8"?>
<testng-results skipped="0" failed="0" total="1" passed="1">
  <reporter-output>
  </reporter-output>
  <suite name="Suite" duration-ms="41665" started-at="2019-03-20T01:02:00Z" finished-at="2019-03-20T01:02:41Z">
    <groups>
    </groups>
    <test name="Test" duration-ms="41665" started-at="2019-03-20T01:02:00Z" finished-at="2019-03-20T01:02:41Z">
      <class name="testBaidu.Tbaidu">
        <test-method status="PASS" signature="openchrome()[pri:0, instance:testBaidu.Tbaidu@449b2d27]" name="openchrome" duration-ms="41648" started-at="2019-03-20T09:02:00Z" finished-at="2019-03-20T09:02:41Z">
          <reporter-output>
          </reporter-output>
        </test-method> <!-- openchrome -->
      </class> <!-- testBaidu.Tbaidu -->
    </test> <!-- Test -->
  </suite> <!-- Suite -->
</testng-results>
